\BOOKMARK [1][-]{section*.1}{\376\377\000T\000a\000b\000l\000e\000\040\000d\000e\000s\000\040\000m\000a\000t\000i\000\350\000r\000e\000s}{}% 1
\BOOKMARK [1][-]{section.1}{\376\377\000I\000n\000t\000\351\000g\000r\000a\000t\000i\000o\000n\000\040\000d\000e\000\040\000J\000a\000v\000a\000F\000X\000\040\000e\000t\000\040\000S\000p\000r\000i\000n\000g\000\040\000B\000o\000o\000t\000\040\000e\000t\000\040\000r\000\351\000s\000o\000l\000u\000t\000i\000o\000n\000\040\000d\000e\000\040\000p\000r\000o\000b\000l\000\350\000m\000e\000s}{}% 2
\BOOKMARK [2][-]{subsection.1.1}{\376\377\000V\000u\000e\000\040\000d\000'\000e\000n\000s\000e\000m\000b\000l\000e}{section.1}% 3
\BOOKMARK [2][-]{subsection.1.2}{\376\377\000L\000a\000\040\000n\000\351\000c\000e\000s\000s\000i\000t\000\351\000\040\000d\000e\000\040\000l\000'\000i\000n\000j\000e\000c\000t\000i\000o\000n\000\040\000d\000e\000\040\000d\000\351\000p\000e\000n\000d\000a\000n\000c\000e\000s}{section.1}% 4
\BOOKMARK [2][-]{subsection.1.3}{\376\377\000S\000o\000l\000u\000t\000i\000o\000n\000\040\000:\000\040\000I\000n\000t\000\351\000g\000r\000e\000r\000\040\000S\000p\000r\000i\000n\000g\000\040\000B\000o\000o\000t\000\040\000e\000t\000\040\000J\000a\000v\000a\000F\000X}{section.1}% 5
\BOOKMARK [2][-]{subsection.1.4}{\376\377\000D\000\351\000p\000e\000n\000d\000a\000n\000c\000e\000s\000\040\000M\000a\000v\000e\000n\000\040\000e\000t\000\040\000c\000h\000a\000n\000g\000e\000m\000e\000n\000t\000s\000\040\000d\000e\000\040\000v\000e\000r\000s\000i\000o\000n}{section.1}% 6
\BOOKMARK [2][-]{subsection.1.5}{\376\377\000R\000\351\000s\000o\000l\000u\000t\000i\000o\000n\000\040\000d\000e\000s\000\040\000p\000r\000o\000b\000l\000\350\000m\000e\000s\000\040\000r\000e\000n\000c\000o\000n\000t\000r\000\351\000s}{section.1}% 7
\BOOKMARK [3][-]{subsubsection.1.5.1}{\376\377\000\311\000c\000h\000e\000c\000\040\000d\000u\000\040\000d\000\351\000m\000a\000r\000r\000a\000g\000e\000\040\000d\000u\000\040\000s\000e\000r\000v\000e\000u\000r\000\040\000T\000o\000m\000c\000a\000t}{subsection.1.5}% 8
\BOOKMARK [3][-]{subsubsection.1.5.2}{\376\377\000C\000h\000o\000i\000x\000\040\000d\000u\000\040\000s\000t\000o\000c\000k\000a\000g\000e\000\040\000d\000e\000s\000\040\000d\000o\000n\000n\000\351\000e\000s}{subsection.1.5}% 9
\BOOKMARK [2][-]{subsection.1.6}{\376\377\000C\000o\000n\000c\000l\000u\000s\000i\000o\000n}{section.1}% 10
\BOOKMARK [2][-]{subsection.1.7}{\376\377\000E\000x\000e\000m\000p\000l\000e}{section.1}% 11
\BOOKMARK [3][-]{subsubsection.1.7.1}{\376\377\000I\000n\000i\000t\000i\000a\000l\000i\000s\000a\000t\000i\000o\000n\000\040\000d\000e\000\040\000l\000'\000a\000p\000p\000l\000i\000c\000a\000t\000i\000o\000n\000\040\000S\000p\000r\000i\000n\000g\000\040\000B\000o\000o\000t}{subsection.1.7}% 12
\BOOKMARK [3][-]{subsubsection.1.7.2}{\376\377\000C\000o\000n\000f\000i\000g\000u\000r\000a\000t\000i\000o\000n\000\040\000d\000e\000\040\000l\000'\000i\000n\000t\000\351\000g\000r\000a\000t\000i\000o\000n\000\040\000J\000a\000v\000a\000F\000X\000\040\000e\000t\000\040\000S\000p\000r\000i\000n\000g}{subsection.1.7}% 13
\BOOKMARK [3][-]{subsubsection.1.7.3}{\376\377\000C\000r\000\351\000a\000t\000i\000o\000n\000\040\000d\000u\000\040\000c\000o\000n\000t\000r\000\364\000l\000e\000u\000r\000\040\000d\000e\000\040\000c\000o\000n\000n\000e\000x\000i\000o\000n}{subsection.1.7}% 14
\BOOKMARK [3][-]{subsubsection.1.7.4}{\376\377\000M\000i\000s\000e\000\040\000e\000n\000\040\001\123\000u\000v\000r\000e\000\040\000d\000u\000\040\000s\000e\000r\000v\000i\000c\000e\000\040\000d\000'\000a\000u\000t\000h\000e\000n\000t\000i\000f\000i\000c\000a\000t\000i\000o\000n}{subsection.1.7}% 15
\BOOKMARK [3][-]{subsubsection.1.7.5}{\376\377\000D\000\351\000f\000i\000n\000i\000t\000i\000o\000n\000\040\000d\000u\000\040\000d\000\351\000p\000\364\000t\000\040\000u\000t\000i\000l\000i\000s\000a\000t\000e\000u\000r}{subsection.1.7}% 16
\BOOKMARK [2][-]{subsection.1.8}{\376\377\000R\000\351\000f\000\351\000r\000e\000n\000c\000e\000s}{section.1}% 17
\BOOKMARK [1][-]{section.2}{}{}% 18
\BOOKMARK [1][-]{section.3}{\376\377\000C\000l\000a\000s\000s\000e\000\040\000O\000u\000t\000i\000l\000s\000\050\000T\000o\000o\000l\000s\000\051}{}% 19
\BOOKMARK [2][-]{subsection.3.1}{\376\377\000V\000u\000e\000\040\000d\000'\000e\000n\000s\000e\000m\000b\000l\000e}{section.3}% 20
\BOOKMARK [2][-]{subsection.3.2}{\376\377\000C\000o\000n\000s\000t\000a\000n\000t\000s}{section.3}% 21
\BOOKMARK [3][-]{subsubsection.3.2.1}{\376\377\000C\000h\000e\000m\000i\000n\000\040\000d\000e\000s\000\040\000V\000u\000e\000s}{subsection.3.2}% 22
\BOOKMARK [3][-]{subsubsection.3.2.2}{\376\377\000T\000y\000p\000e\000s\000\040\000d\000'\000E\000n\000c\000r\000y\000p\000t\000a\000g\000e}{subsection.3.2}% 23
\BOOKMARK [3][-]{subsubsection.3.2.3}{\376\377\000T\000y\000p\000e\000s\000\040\000d\000'\000\311\000c\000h\000e\000c\000\040\000d\000'\000I\000n\000s\000c\000r\000i\000p\000t\000i\000o\000n}{subsection.3.2}% 24
\BOOKMARK [2][-]{subsection.3.3}{\376\377\000U\000U\000I\000D\000U\000t\000i\000l\000s}{section.3}% 25
\BOOKMARK [3][-]{subsubsection.3.3.1}{\376\377\000I\000n\000t\000r\000o\000d\000u\000c\000t\000i\000o\000n}{subsection.3.3}% 26
\BOOKMARK [3][-]{subsubsection.3.3.2}{\376\377\000M\000\351\000t\000h\000o\000d\000e\000s}{subsection.3.3}% 27
\BOOKMARK [3][-]{subsubsection.3.3.3}{\376\377\000E\000x\000e\000m\000p\000l\000e}{subsection.3.3}% 28
\BOOKMARK [2][-]{subsection.3.4}{\376\377\000E\000n\000c\000r\000y\000p\000t\000U\000t\000i\000l\000s}{section.3}% 29
\BOOKMARK [3][-]{subsubsection.3.4.1}{\376\377\000I\000n\000t\000r\000o\000d\000u\000c\000t\000i\000o\000n}{subsection.3.4}% 30
\BOOKMARK [3][-]{subsubsection.3.4.2}{\376\377\000M\000\351\000t\000h\000o\000d\000e\000s}{subsection.3.4}% 31
\BOOKMARK [3][-]{subsubsection.3.4.3}{\376\377\000E\000x\000e\000m\000p\000l\000e}{subsection.3.4}% 32
\BOOKMARK [2][-]{subsection.3.5}{\376\377\000F\000i\000l\000e\000O\000p\000e\000r\000a\000t\000i\000o\000n}{section.3}% 33
\BOOKMARK [3][-]{subsubsection.3.5.1}{\376\377\000I\000n\000t\000r\000o\000d\000u\000c\000t\000i\000o\000n}{subsection.3.5}% 34
\BOOKMARK [3][-]{subsubsection.3.5.2}{\376\377\000C\000o\000n\000s\000t\000r\000u\000c\000t\000e\000u\000r}{subsection.3.5}% 35
\BOOKMARK [3][-]{subsubsection.3.5.3}{\376\377\000M\000\351\000t\000h\000o\000d\000e\000s}{subsection.3.5}% 36
\BOOKMARK [3][-]{subsubsection.3.5.4}{\376\377\000E\000x\000e\000m\000p\000l\000e}{subsection.3.5}% 37
